/workspace/web3-curriculum
/workspace/web3-curriculum
/workspace/web3-curriculum/learn-digital-ledgers-by-building-a-blockchain
/workspace/web3-curriculum/learn-digital-ledgers-by-building-a-blockchain
/workspace/web3-curriculum/learn-digital-ledgers-by-building-a-blockchain
/workspace/web3-curriculum/learn-digital-ledgers-by-building-a-blockchain
/workspace/web3-curriculum/learn-digital-ledgers-by-building-a-blockchain
/workspace/web3-curriculum/learn-digital-ledgers-by-building-a-blockchain
/workspace/web3-curriculum/learn-digital-ledgers-by-building-a-blockchain
/workspace/web3-curriculum/learn-digital-ledgers-by-building-a-blockchain
/workspace/web3-curriculum/learn-digital-ledgers-by-building-a-blockchain
/workspace/web3-curriculum/learn-digital-ledgers-by-building-a-blockchain
/workspace/web3-curriculum/learn-digital-ledgers-by-building-a-blockchain
/workspace/web3-curriculum/learn-digital-ledgers-by-building-a-blockchain
/workspace/web3-curriculum/learn-digital-ledgers-by-building-a-blockchain
/workspace/web3-curriculum/learn-digital-ledgers-by-building-a-blockchain
/workspace/web3-curriculum/learn-digital-ledgers-by-building-a-blockchain
/workspace/web3-curriculum/learn-digital-ledgers-by-building-a-blockchain
/workspace/web3-curriculum/learn-digital-ledgers-by-building-a-blockchain
/workspace/web3-curriculum/learn-digital-ledgers-by-building-a-blockchain
/workspace/web3-curriculum/learn-digital-ledgers-by-building-a-blockchain
/workspace/web3-curriculum/learn-digital-ledgers-by-building-a-blockchain
/workspace/web3-curriculum/learn-digital-ledgers-by-building-a-blockchain
/workspace/web3-curriculum/learn-digital-ledgers-by-building-a-blockchain
/workspace/web3-curriculum/learn-digital-ledgers-by-building-a-blockchain
/workspace/web3-curriculum/learn-digital-ledgers-by-building-a-blockchain
/workspace/web3-curriculum/learn-digital-ledgers-by-building-a-blockchain
/workspace/web3-curriculum/learn-digital-ledgers-by-building-a-blockchain
/workspace/web3-curriculum/learn-digital-ledgers-by-building-a-blockchain
/workspace/web3-curriculum/learn-digital-ledgers-by-building-a-blockchain
/workspace/web3-curriculum/learn-digital-ledgers-by-building-a-blockchain
/workspace/web3-curriculum/learn-digital-ledgers-by-building-a-blockchain
/workspace/web3-curriculum/learn-digital-ledgers-by-building-a-blockchain
/workspace/web3-curriculum/learn-digital-ledgers-by-building-a-blockchain
/workspace/web3-curriculum/learn-digital-ledgers-by-building-a-blockchain
/workspace/web3-curriculum/learn-digital-ledgers-by-building-a-blockchain
/workspace/web3-curriculum/learn-digital-ledgers-by-building-a-blockchain
/workspace/web3-curriculum/learn-digital-ledgers-by-building-a-blockchain
/workspace/web3-curriculum/learn-digital-ledgers-by-building-a-blockchain
/workspace/web3-curriculum/learn-digital-ledgers-by-building-a-blockchain
/workspace/web3-curriculum/learn-digital-ledgers-by-building-a-blockchain
/workspace/web3-curriculum/learn-digital-ledgers-by-building-a-blockchain
/workspace/web3-curriculum/learn-digital-ledgers-by-building-a-blockchain
/workspace/web3-curriculum/learn-digital-ledgers-by-building-a-blockchain
/workspace/web3-curriculum
/workspace/web3-curriculum
/workspace/web3-curriculum
/root
/workspace/web3-curriculum
/workspace/web3-curriculum
/workspace/web3-curriculum/learn-proof-of-work-consensus-by-building-a-block-mining-algorithm
/workspace/web3-curriculum/learn-proof-of-work-consensus-by-building-a-block-mining-algorithm
/workspace/web3-curriculum/learn-proof-of-work-consensus-by-building-a-block-mining-algorithm
/workspace/web3-curriculum/learn-proof-of-work-consensus-by-building-a-block-mining-algorithm
/workspace/web3-curriculum/learn-proof-of-work-consensus-by-building-a-block-mining-algorithm
/workspace/web3-curriculum
/workspace/web3-curriculum
/workspace/web3-curriculum
/workspace/web3-curriculum/learn-digital-ledgers-by-building-a-blockchain
/workspace/web3-curriculum/learn-digital-ledgers-by-building-a-blockchain
/workspace/web3-curriculum/learn-digital-ledgers-by-building-a-blockchain
/workspace/web3-curriculum/learn-digital-ledgers-by-building-a-blockchain
/workspace/web3-curriculum
/workspace/web3-curriculum/learn-proof-of-work-consensus-by-building-a-block-mining-algorithm
/workspace/web3-curriculum/learn-proof-of-work-consensus-by-building-a-block-mining-algorithm
/workspace/web3-curriculum/learn-proof-of-work-consensus-by-building-a-block-mining-algorithm
/workspace/web3-curriculum/learn-proof-of-work-consensus-by-building-a-block-mining-algorithm
/workspace/web3-curriculum/learn-proof-of-work-consensus-by-building-a-block-mining-algorithm
/workspace/web3-curriculum/learn-proof-of-work-consensus-by-building-a-block-mining-algorithm
/workspace/web3-curriculum/learn-proof-of-work-consensus-by-building-a-block-mining-algorithm
/workspace/web3-curriculum
/workspace/web3-curriculum
/workspace/web3-curriculum/learn-digital-ledgers-by-building-a-blockchain
/workspace/web3-curriculum/learn-digital-ledgers-by-building-a-blockchain
/workspace/web3-curriculum/learn-digital-ledgers-by-building-a-blockchain
/workspace/web3-curriculum/learn-proof-of-work-consensus-by-building-a-block-mining-algorithm
/workspace/web3-curriculum/learn-proof-of-work-consensus-by-building-a-block-mining-algorithm
/workspace/web3-curriculum/learn-proof-of-work-consensus-by-building-a-block-mining-algorithm
/workspace/web3-curriculum/learn-proof-of-work-consensus-by-building-a-block-mining-algorithm
/workspace/web3-curriculum/learn-proof-of-work-consensus-by-building-a-block-mining-algorithm
/workspace/web3-curriculum/learn-proof-of-work-consensus-by-building-a-block-mining-algorithm
/workspace/web3-curriculum/learn-proof-of-work-consensus-by-building-a-block-mining-algorithm
/workspace/web3-curriculum/learn-proof-of-work-consensus-by-building-a-block-mining-algorithm
/workspace/web3-curriculum/learn-proof-of-work-consensus-by-building-a-block-mining-algorithm
/workspace/web3-curriculum/learn-proof-of-work-consensus-by-building-a-block-mining-algorithm
/workspace/web3-curriculum/learn-proof-of-work-consensus-by-building-a-block-mining-algorithm
/workspace/web3-curriculum/learn-proof-of-work-consensus-by-building-a-block-mining-algorithm
/workspace/web3-curriculum/learn-proof-of-work-consensus-by-building-a-block-mining-algorithm
/workspace/web3-curriculum/learn-proof-of-work-consensus-by-building-a-block-mining-algorithm
/workspace/web3-curriculum/learn-proof-of-work-consensus-by-building-a-block-mining-algorithm
/workspace/web3-curriculum/learn-proof-of-work-consensus-by-building-a-block-mining-algorithm
/workspace/web3-curriculum/learn-proof-of-work-consensus-by-building-a-block-mining-algorithm
/workspace/web3-curriculum/learn-proof-of-work-consensus-by-building-a-block-mining-algorithm
/workspace/web3-curriculum/learn-proof-of-work-consensus-by-building-a-block-mining-algorithm
/workspace/web3-curriculum/learn-proof-of-work-consensus-by-building-a-block-mining-algorithm
/workspace/web3-curriculum/learn-proof-of-work-consensus-by-building-a-block-mining-algorithm
/workspace/web3-curriculum/learn-proof-of-work-consensus-by-building-a-block-mining-algorithm
/workspace/web3-curriculum/learn-proof-of-work-consensus-by-building-a-block-mining-algorithm
/workspace/web3-curriculum/learn-proof-of-work-consensus-by-building-a-block-mining-algorithm
/workspace/web3-curriculum/learn-proof-of-work-consensus-by-building-a-block-mining-algorithm
/workspace/web3-curriculum/learn-proof-of-work-consensus-by-building-a-block-mining-algorithm
/workspace/web3-curriculum/learn-proof-of-work-consensus-by-building-a-block-mining-algorithm
/workspace/web3-curriculum/learn-proof-of-work-consensus-by-building-a-block-mining-algorithm
/workspace/web3-curriculum/learn-proof-of-work-consensus-by-building-a-block-mining-algorithm
/workspace/web3-curriculum/learn-proof-of-work-consensus-by-building-a-block-mining-algorithm
/workspace/web3-curriculum/learn-proof-of-work-consensus-by-building-a-block-mining-algorithm
/workspace/web3-curriculum/learn-proof-of-work-consensus-by-building-a-block-mining-algorithm
/workspace/web3-curriculum/learn-proof-of-work-consensus-by-building-a-block-mining-algorithm
/workspace/web3-curriculum/learn-proof-of-work-consensus-by-building-a-block-mining-algorithm
/workspace/web3-curriculum/learn-proof-of-work-consensus-by-building-a-block-mining-algorithm
/workspace/web3-curriculum/learn-proof-of-work-consensus-by-building-a-block-mining-algorithm
/workspace/web3-curriculum/learn-proof-of-work-consensus-by-building-a-block-mining-algorithm
/workspace/web3-curriculum/learn-proof-of-work-consensus-by-building-a-block-mining-algorithm
/workspace/web3-curriculum/learn-proof-of-work-consensus-by-building-a-block-mining-algorithm
/workspace/web3-curriculum/learn-proof-of-work-consensus-by-building-a-block-mining-algorithm
/workspace/web3-curriculum/learn-proof-of-work-consensus-by-building-a-block-mining-algorithm
/workspace/web3-curriculum/learn-proof-of-work-consensus-by-building-a-block-mining-algorithm
/workspace/web3-curriculum/learn-proof-of-work-consensus-by-building-a-block-mining-algorithm
/workspace/web3-curriculum/learn-proof-of-work-consensus-by-building-a-block-mining-algorithm
/workspace/web3-curriculum/learn-proof-of-work-consensus-by-building-a-block-mining-algorithm
/workspace/web3-curriculum/learn-proof-of-work-consensus-by-building-a-block-mining-algorithm
/workspace/web3-curriculum/learn-proof-of-work-consensus-by-building-a-block-mining-algorithm
/workspace/web3-curriculum/learn-proof-of-work-consensus-by-building-a-block-mining-algorithm
/workspace/web3-curriculum/learn-proof-of-work-consensus-by-building-a-block-mining-algorithm
/workspace/web3-curriculum/learn-proof-of-work-consensus-by-building-a-block-mining-algorithm
/workspace/web3-curriculum/learn-proof-of-work-consensus-by-building-a-block-mining-algorithm
/workspace/web3-curriculum/learn-proof-of-work-consensus-by-building-a-block-mining-algorithm
/workspace/web3-curriculum/learn-proof-of-work-consensus-by-building-a-block-mining-algorithm
/workspace/web3-curriculum/learn-proof-of-work-consensus-by-building-a-block-mining-algorithm
/workspace/web3-curriculum/learn-proof-of-work-consensus-by-building-a-block-mining-algorithm
/workspace/web3-curriculum/learn-proof-of-work-consensus-by-building-a-block-mining-algorithm
/workspace/web3-curriculum/learn-proof-of-work-consensus-by-building-a-block-mining-algorithm
/workspace/web3-curriculum/learn-proof-of-work-consensus-by-building-a-block-mining-algorithm
/workspace/web3-curriculum/learn-proof-of-work-consensus-by-building-a-block-mining-algorithm
/workspace/web3-curriculum/learn-proof-of-work-consensus-by-building-a-block-mining-algorithm
/workspace/web3-curriculum/learn-proof-of-work-consensus-by-building-a-block-mining-algorithm
/workspace/web3-curriculum
/workspace
/workspace
/workspace/web3-curriculum
/workspace/web3-curriculum
/workspace/web3-curriculum
